# JRE version: OpenJDK Runtime Environment (8.0_282-b08) (build 1.8.0_282-8u282-b08-0ubuntu1~18.04-b08)
# Java VM: OpenJDK 64-Bit Server VM (25.282-b08 mixed mode linux-amd64 compressed oops)
Heap:
 PSYoungGen      total 243200K, used 31889K [0x00000000f0000000, 0x0000000100000000, 0x0000000100000000)
  eden space 224256K, 7% used [0x00000000f0000000,0x00000000f10ed750,0x00000000fdb00000)
  from space 18944K, 76% used [0x00000000fdb00000,0x00000000fe936cc8,0x00000000fed80000)
  to   space 18944K, 0% used [0x00000000fed80000,0x00000000fed80000,0x0000000100000000)
 ParOldGen       total 524288K, used 108378K [0x00000000d0000000, 0x00000000f0000000, 0x00000000f0000000)
  object space 524288K, 20% used [0x00000000d0000000,0x00000000d69d6ab8,0x00000000f0000000)
 Metaspace       used 78884K, capacity 83828K, committed 98600K, reserved 1134592K
  class space    used 9962K, capacity 11527K, committed 14000K, reserved 1048576K
GC Heap History (10 events):
Event: 33756.173 GC heap before
{Heap before GC invocations=77 (full 3):
 PSYoungGen      total 241664K, used 143976K [0x00000000f0000000, 0x0000000100000000, 0x0000000100000000)
  eden space 221696K, 60% used [0x00000000f0000000,0x00000000f82695a8,0x00000000fd880000)
  from space 19968K, 52% used [0x00000000fd880000,0x00000000fe2b0e38,0x00000000fec00000)
  to   space 19968K, 0% used [0x00000000fec80000,0x00000000fec80000,0x0000000100000000)
 ParOldGen       total 524288K, used 129586K [0x00000000d0000000, 0x00000000f0000000, 0x00000000f0000000)
  object space 524288K, 24% used [0x00000000d0000000,0x00000000d7e8c938,0x00000000f0000000)
 Metaspace       used 89292K, capacity 98464K, committed 98600K, reserved 1134592K
  class space    used 11630K, capacity 13916K, committed 14000K, reserved 1048576K
Event: 33756.230 GC heap after
Heap after GC invocations=77 (full 3):
 PSYoungGen      total 243200K, used 12472K [0x00000000f0000000, 0x0000000100000000, 0x0000000100000000)
  eden space 223232K, 0% used [0x00000000f0000000,0x00000000f0000000,0x00000000fda00000)
  from space 19968K, 62% used [0x00000000fec80000,0x00000000ff8ae218,0x0000000100000000)
  to   space 18944K, 0% used [0x00000000fda00000,0x00000000fda00000,0x00000000fec80000)
 ParOldGen       total 524288K, used 130326K [0x00000000d0000000, 0x00000000f0000000, 0x00000000f0000000)
  object space 524288K, 24% used [0x00000000d0000000,0x00000000d7f45a48,0x00000000f0000000)
 Metaspace       used 89292K, capacity 98464K, committed 98600K, reserved 1134592K
  class space    used 11630K, capacity 13916K, committed 14000K, reserved 1048576K
}
Event: 33756.230 GC heap before
{Heap before GC invocations=78 (full 4):
 PSYoungGen      total 243200K, used 12472K [0x00000000f0000000, 0x0000000100000000, 0x0000000100000000)
  eden space 223232K, 0% used [0x00000000f0000000,0x00000000f0000000,0x00000000fda00000)
  from space 19968K, 62% used [0x00000000fec80000,0x00000000ff8ae218,0x0000000100000000)
  to   space 18944K, 0% used [0x00000000fda00000,0x00000000fda00000,0x00000000fec80000)
 ParOldGen       total 524288K, used 130326K [0x00000000d0000000, 0x00000000f0000000, 0x00000000f0000000)
  object space 524288K, 24% used [0x00000000d0000000,0x00000000d7f45a48,0x00000000f0000000)
 Metaspace       used 89292K, capacity 98464K, committed 98600K, reserved 1134592K
  class space    used 11630K, capacity 13916K, committed 14000K, reserved 1048576K
Event: 33756.942 GC heap after
Heap after GC invocations=78 (full 4):
 PSYoungGen      total 243200K, used 0K [0x00000000f0000000, 0x0000000100000000, 0x0000000100000000)
  eden space 223232K, 0% used [0x00000000f0000000,0x00000000f0000000,0x00000000fda00000)
  from space 19968K, 0% used [0x00000000fec80000,0x00000000fec80000,0x0000000100000000)
  to   space 18944K, 0% used [0x00000000fda00000,0x00000000fda00000,0x00000000fec80000)
 ParOldGen       total 524288K, used 108354K [0x00000000d0000000, 0x00000000f0000000, 0x00000000f0000000)
  object space 524288K, 20% used [0x00000000d0000000,0x00000000d69d0ab8,0x00000000f0000000)
 Metaspace       used 76797K, capacity 81386K, committed 98600K, reserved 1134592K
  class space    used 9775K, capacity 11254K, committed 14000K, reserved 1048576K
}
Event: 34545.048 GC heap before
{Heap before GC invocations=79 (full 4):
 PSYoungGen      total 243200K, used 223232K [0x00000000f0000000, 0x0000000100000000, 0x0000000100000000)
  eden space 223232K, 100% used [0x00000000f0000000,0x00000000fda00000,0x00000000fda00000)
  from space 19968K, 0% used [0x00000000fec80000,0x00000000fec80000,0x0000000100000000)
  to   space 18944K, 0% used [0x00000000fda00000,0x00000000fda00000,0x00000000fec80000)
 ParOldGen       total 524288K, used 108354K [0x00000000d0000000, 0x00000000f0000000, 0x00000000f0000000)
  object space 524288K, 20% used [0x00000000d0000000,0x00000000d69d0ab8,0x00000000f0000000)
 Metaspace       used 78280K, capacity 82932K, committed 98600K, reserved 1134592K
  class space    used 9860K, capacity 11316K, committed 14000K, reserved 1048576K
Event: 34545.054 GC heap after
Heap after GC invocations=79 (full 4):
 PSYoungGen      total 242176K, used 9496K [0x00000000f0000000, 0x0000000100000000, 0x0000000100000000)
  eden space 223232K, 0% used [0x00000000f0000000,0x00000000f0000000,0x00000000fda00000)
  from space 18944K, 50% used [0x00000000fda00000,0x00000000fe3461a0,0x00000000fec80000)
  to   space 18944K, 0% used [0x00000000fed80000,0x00000000fed80000,0x0000000100000000)
 ParOldGen       total 524288K, used 108362K [0x00000000d0000000, 0x00000000f0000000, 0x00000000f0000000)
  object space 524288K, 20% used [0x00000000d0000000,0x00000000d69d2ab8,0x00000000f0000000)
 Metaspace       used 78280K, capacity 82932K, committed 98600K, reserved 1134592K
  class space    used 9860K, capacity 11316K, committed 14000K, reserved 1048576K
}
Event: 34891.922 GC heap before
{Heap before GC invocations=80 (full 4):
 PSYoungGen      total 242176K, used 232728K [0x00000000f0000000, 0x0000000100000000, 0x0000000100000000)
  eden space 223232K, 100% used [0x00000000f0000000,0x00000000fda00000,0x00000000fda00000)
  from space 18944K, 50% used [0x00000000fda00000,0x00000000fe3461a0,0x00000000fec80000)
  to   space 18944K, 0% used [0x00000000fed80000,0x00000000fed80000,0x0000000100000000)
 ParOldGen       total 524288K, used 108362K [0x00000000d0000000, 0x00000000f0000000, 0x00000000f0000000)
  object space 524288K, 20% used [0x00000000d0000000,0x00000000d69d2ab8,0x00000000f0000000)
 Metaspace       used 78565K, capacity 83302K, committed 98600K, reserved 1134592K
  class space    used 9908K, capacity 11406K, committed 14000K, reserved 1048576K
Event: 34891.926 GC heap after
Heap after GC invocations=80 (full 4):
 PSYoungGen      total 243200K, used 10716K [0x00000000f0000000, 0x0000000100000000, 0x0000000100000000)
  eden space 224256K, 0% used [0x00000000f0000000,0x00000000f0000000,0x00000000fdb00000)
  from space 18944K, 56% used [0x00000000fed80000,0x00000000ff7f7000,0x0000000100000000)
  to   space 18944K, 0% used [0x00000000fdb00000,0x00000000fdb00000,0x00000000fed80000)
 ParOldGen       total 524288K, used 108370K [0x00000000d0000000, 0x00000000f0000000, 0x00000000f0000000)
  object space 524288K, 20% used [0x00000000d0000000,0x00000000d69d4ab8,0x00000000f0000000)
 Metaspace       used 78565K, capacity 83302K, committed 98600K, reserved 1134592K
  class space    used 9908K, capacity 11406K, committed 14000K, reserved 1048576K
}
Event: 35085.135 GC heap before
{Heap before GC invocations=81 (full 4):
 PSYoungGen      total 243200K, used 234972K [0x00000000f0000000, 0x0000000100000000, 0x0000000100000000)
  eden space 224256K, 100% used [0x00000000f0000000,0x00000000fdb00000,0x00000000fdb00000)
  from space 18944K, 56% used [0x00000000fed80000,0x00000000ff7f7000,0x0000000100000000)
  to   space 18944K, 0% used [0x00000000fdb00000,0x00000000fdb00000,0x00000000fed80000)
 ParOldGen       total 524288K, used 108370K [0x00000000d0000000, 0x00000000f0000000, 0x00000000f0000000)
  object space 524288K, 20% used [0x00000000d0000000,0x00000000d69d4ab8,0x00000000f0000000)
 Metaspace       used 78870K, capacity 83756K, committed 98600K, reserved 1134592K
  class space    used 9957K, capacity 11523K, committed 14000K, reserved 1048576K
Event: 35085.140 GC heap after
Heap after GC invocations=81 (full 4):
 PSYoungGen      total 243200K, used 14555K [0x00000000f0000000, 0x0000000100000000, 0x0000000100000000)
  eden space 224256K, 0% used [0x00000000f0000000,0x00000000f0000000,0x00000000fdb00000)
  from space 18944K, 76% used [0x00000000fdb00000,0x00000000fe936cc8,0x00000000fed80000)
  to   space 18944K, 0% used [0x00000000fed80000,0x00000000fed80000,0x0000000100000000)
 ParOldGen       total 524288K, used 108378K [0x00000000d0000000, 0x00000000f0000000, 0x00000000f0000000)
  object space 524288K, 20% used [0x00000000d0000000,0x00000000d69d6ab8,0x00000000f0000000)
 Metaspace       used 78870K, capacity 83756K, committed 98600K, reserved 1134592K
  class space    used 9957K, capacity 11523K, committed 14000K, reserved 1048576K
}

