# JRE version: OpenJDK Runtime Environment (8.0_282-b08) (build 1.8.0_282-8u282-b08-0ubuntu1~18.04-b08)
# Java VM: OpenJDK 64-Bit Server VM (25.282-b08 mixed mode linux-amd64 compressed oops)
Heap:
 PSYoungGen      total 164864K, used 74418K [0x00000000f0000000, 0x0000000100000000, 0x0000000100000000)
  eden space 116736K, 22% used [0x00000000f0000000,0x00000000f1a165b8,0x00000000f7200000)
  from space 48128K, 99% used [0x00000000f7300000,0x00000000fa1964e8,0x00000000fa200000)
  to   space 73728K, 0% used [0x00000000fb800000,0x00000000fb800000,0x0000000100000000)
 ParOldGen       total 524288K, used 79818K [0x00000000d0000000, 0x00000000f0000000, 0x00000000f0000000)
  object space 524288K, 15% used [0x00000000d0000000,0x00000000d4df28b8,0x00000000f0000000)
 Metaspace       used 75433K, capacity 80126K, committed 80424K, reserved 1118208K
  class space    used 9810K, capacity 11243K, committed 11312K, reserved 1048576K
GC Heap History (10 events):
Event: 178.075 GC heap before
{Heap before GC invocations=34 (full 3):
 PSYoungGen      total 206848K, used 198286K [0x00000000f0000000, 0x0000000100000000, 0x0000000100000000)
  eden space 159744K, 100% used [0x00000000f0000000,0x00000000f9c00000,0x00000000f9c00000)
  from space 47104K, 81% used [0x00000000fd200000,0x00000000ff7a3800,0x0000000100000000)
  to   space 51200K, 0% used [0x00000000f9c00000,0x00000000f9c00000,0x00000000fce00000)
 ParOldGen       total 524288K, used 79778K [0x00000000d0000000, 0x00000000f0000000, 0x00000000f0000000)
  object space 524288K, 15% used [0x00000000d0000000,0x00000000d4de88b8,0x00000000f0000000)
 Metaspace       used 72754K, capacity 76484K, committed 76712K, reserved 1116160K
  class space    used 9397K, capacity 10582K, committed 10672K, reserved 1048576K
Event: 178.090 GC heap after
Heap after GC invocations=34 (full 3):
 PSYoungGen      total 202240K, used 42458K [0x00000000f0000000, 0x0000000100000000, 0x0000000100000000)
  eden space 159744K, 0% used [0x00000000f0000000,0x00000000f0000000,0x00000000f9c00000)
  from space 42496K, 99% used [0x00000000f9c00000,0x00000000fc576ad0,0x00000000fc580000)
  to   space 55296K, 0% used [0x00000000fca00000,0x00000000fca00000,0x0000000100000000)
 ParOldGen       total 524288K, used 79786K [0x00000000d0000000, 0x00000000f0000000, 0x00000000f0000000)
  object space 524288K, 15% used [0x00000000d0000000,0x00000000d4dea8b8,0x00000000f0000000)
 Metaspace       used 72754K, capacity 76484K, committed 76712K, reserved 1116160K
  class space    used 9397K, capacity 10582K, committed 10672K, reserved 1048576K
}
Event: 180.094 GC heap before
{Heap before GC invocations=35 (full 3):
 PSYoungGen      total 202240K, used 202202K [0x00000000f0000000, 0x0000000100000000, 0x0000000100000000)
  eden space 159744K, 100% used [0x00000000f0000000,0x00000000f9c00000,0x00000000f9c00000)
  from space 42496K, 99% used [0x00000000f9c00000,0x00000000fc576ad0,0x00000000fc580000)
  to   space 55296K, 0% used [0x00000000fca00000,0x00000000fca00000,0x0000000100000000)
 ParOldGen       total 524288K, used 79786K [0x00000000d0000000, 0x00000000f0000000, 0x00000000f0000000)
  object space 524288K, 15% used [0x00000000d0000000,0x00000000d4dea8b8,0x00000000f0000000)
 Metaspace       used 73189K, capacity 77212K, committed 77352K, reserved 1116160K
  class space    used 9490K, capacity 10795K, committed 10800K, reserved 1048576K
Event: 180.109 GC heap after
Heap after GC invocations=35 (full 3):
 PSYoungGen      total 198656K, used 44343K [0x00000000f0000000, 0x0000000100000000, 0x0000000100000000)
  eden space 143360K, 0% used [0x00000000f0000000,0x00000000f0000000,0x00000000f8c00000)
  from space 55296K, 80% used [0x00000000fca00000,0x00000000ff54dd08,0x0000000100000000)
  to   space 59392K, 0% used [0x00000000f8c00000,0x00000000f8c00000,0x00000000fc600000)
 ParOldGen       total 524288K, used 79794K [0x00000000d0000000, 0x00000000f0000000, 0x00000000f0000000)
  object space 524288K, 15% used [0x00000000d0000000,0x00000000d4dec8b8,0x00000000f0000000)
 Metaspace       used 73189K, capacity 77212K, committed 77352K, reserved 1116160K
  class space    used 9490K, capacity 10795K, committed 10800K, reserved 1048576K
}
Event: 376.525 GC heap before
{Heap before GC invocations=36 (full 3):
 PSYoungGen      total 198656K, used 187703K [0x00000000f0000000, 0x0000000100000000, 0x0000000100000000)
  eden space 143360K, 100% used [0x00000000f0000000,0x00000000f8c00000,0x00000000f8c00000)
  from space 55296K, 80% used [0x00000000fca00000,0x00000000ff54dd08,0x0000000100000000)
  to   space 59392K, 0% used [0x00000000f8c00000,0x00000000f8c00000,0x00000000fc600000)
 ParOldGen       total 524288K, used 79794K [0x00000000d0000000, 0x00000000f0000000, 0x00000000f0000000)
  object space 524288K, 15% used [0x00000000d0000000,0x00000000d4dec8b8,0x00000000f0000000)
 Metaspace       used 74092K, capacity 78382K, committed 78632K, reserved 1116160K
  class space    used 9659K, capacity 10996K, committed 11056K, reserved 1048576K
Event: 376.546 GC heap after
Heap after GC invocations=36 (full 3):
 PSYoungGen      total 196096K, used 52373K [0x00000000f0000000, 0x0000000100000000, 0x0000000100000000)
  eden space 143360K, 0% used [0x00000000f0000000,0x00000000f0000000,0x00000000f8c00000)
  from space 52736K, 99% used [0x00000000f8c00000,0x00000000fbf25798,0x00000000fbf80000)
  to   space 65536K, 0% used [0x00000000fc000000,0x00000000fc000000,0x0000000100000000)
 ParOldGen       total 524288K, used 79802K [0x00000000d0000000, 0x00000000f0000000, 0x00000000f0000000)
  object space 524288K, 15% used [0x00000000d0000000,0x00000000d4dee8b8,0x00000000f0000000)
 Metaspace       used 74092K, capacity 78382K, committed 78632K, reserved 1116160K
  class space    used 9659K, capacity 10996K, committed 11056K, reserved 1048576K
}
Event: 1937.436 GC heap before
{Heap before GC invocations=37 (full 3):
 PSYoungGen      total 196096K, used 195733K [0x00000000f0000000, 0x0000000100000000, 0x0000000100000000)
  eden space 143360K, 100% used [0x00000000f0000000,0x00000000f8c00000,0x00000000f8c00000)
  from space 52736K, 99% used [0x00000000f8c00000,0x00000000fbf25798,0x00000000fbf80000)
  to   space 65536K, 0% used [0x00000000fc000000,0x00000000fc000000,0x0000000100000000)
 ParOldGen       total 524288K, used 79802K [0x00000000d0000000, 0x00000000f0000000, 0x00000000f0000000)
  object space 524288K, 15% used [0x00000000d0000000,0x00000000d4dee8b8,0x00000000f0000000)
 Metaspace       used 75205K, capacity 79570K, committed 79784K, reserved 1118208K
  class space    used 9756K, capacity 11116K, committed 11184K, reserved 1048576K
Event: 1937.458 GC heap after
Heap after GC invocations=37 (full 3):
 PSYoungGen      total 183296K, used 57894K [0x00000000f0000000, 0x0000000100000000, 0x0000000100000000)
  eden space 117760K, 0% used [0x00000000f0000000,0x00000000f0000000,0x00000000f7300000)
  from space 65536K, 88% used [0x00000000fc000000,0x00000000ff889ac0,0x0000000100000000)
  to   space 72192K, 0% used [0x00000000f7300000,0x00000000f7300000,0x00000000fb980000)
 ParOldGen       total 524288K, used 79810K [0x00000000d0000000, 0x00000000f0000000, 0x00000000f0000000)
  object space 524288K, 15% used [0x00000000d0000000,0x00000000d4df08b8,0x00000000f0000000)
 Metaspace       used 75205K, capacity 79570K, committed 79784K, reserved 1118208K
  class space    used 9756K, capacity 11116K, committed 11184K, reserved 1048576K
}
Event: 2544.912 GC heap before
{Heap before GC invocations=38 (full 3):
 PSYoungGen      total 183296K, used 175654K [0x00000000f0000000, 0x0000000100000000, 0x0000000100000000)
  eden space 117760K, 100% used [0x00000000f0000000,0x00000000f7300000,0x00000000f7300000)
  from space 65536K, 88% used [0x00000000fc000000,0x00000000ff889ac0,0x0000000100000000)
  to   space 72192K, 0% used [0x00000000f7300000,0x00000000f7300000,0x00000000fb980000)
 ParOldGen       total 524288K, used 79810K [0x00000000d0000000, 0x00000000f0000000, 0x00000000f0000000)
  object space 524288K, 15% used [0x00000000d0000000,0x00000000d4df08b8,0x00000000f0000000)
 Metaspace       used 75412K, capacity 80096K, committed 80424K, reserved 1118208K
  class space    used 9803K, capacity 11233K, committed 11312K, reserved 1048576K
Event: 2544.942 GC heap after
Heap after GC invocations=38 (full 3):
 PSYoungGen      total 164864K, used 47705K [0x00000000f0000000, 0x0000000100000000, 0x0000000100000000)
  eden space 116736K, 0% used [0x00000000f0000000,0x00000000f0000000,0x00000000f7200000)
  from space 48128K, 99% used [0x00000000f7300000,0x00000000fa1964e8,0x00000000fa200000)
  to   space 73728K, 0% used [0x00000000fb800000,0x00000000fb800000,0x0000000100000000)
 ParOldGen       total 524288K, used 79818K [0x00000000d0000000, 0x00000000f0000000, 0x00000000f0000000)
  object space 524288K, 15% used [0x00000000d0000000,0x00000000d4df28b8,0x00000000f0000000)
 Metaspace       used 75412K, capacity 80096K, committed 80424K, reserved 1118208K
  class space    used 9803K, capacity 11233K, committed 11312K, reserved 1048576K
}

