# JRE version: OpenJDK Runtime Environment (8.0_282-b08) (build 1.8.0_282-8u282-b08-0ubuntu1~18.04-b08)
# Java VM: OpenJDK 64-Bit Server VM (25.282-b08 mixed mode linux-amd64 compressed oops)
Heap:
 PSYoungGen      total 252928K, used 18940K [0x000000076e200000, 0x000000077eb80000, 0x00000007c0000000)
  eden space 233984K, 0% used [0x000000076e200000,0x000000076e200000,0x000000077c680000)
  from space 18944K, 99% used [0x000000077c680000,0x000000077d8ff328,0x000000077d900000)
  to   space 16896K, 0% used [0x000000077db00000,0x000000077db00000,0x000000077eb80000)
 ParOldGen       total 88576K, used 19355K [0x00000006ca600000, 0x00000006cfc80000, 0x000000076e200000)
  object space 88576K, 21% used [0x00000006ca600000,0x00000006cb8e6d30,0x00000006cfc80000)
 Metaspace       used 30526K, capacity 32060K, committed 32176K, reserved 1077248K
  class space    used 4561K, capacity 5255K, committed 5296K, reserved 1048576K
GC Heap History (10 events):
Event: 1.420 GC heap after
Heap after GC invocations=3 (full 0):
 PSYoungGen      total 73728K, used 10221K [0x000000076e200000, 0x0000000777200000, 0x00000007c0000000)
  eden space 63488K, 0% used [0x000000076e200000,0x000000076e200000,0x0000000772000000)
  from space 10240K, 99% used [0x0000000772000000,0x00000007729fb6b8,0x0000000772a00000)
  to   space 10240K, 0% used [0x0000000776800000,0x0000000776800000,0x0000000777200000)
 ParOldGen       total 167936K, used 11775K [0x00000006ca600000, 0x00000006d4a00000, 0x000000076e200000)
  object space 167936K, 7% used [0x00000006ca600000,0x00000006cb17ff18,0x00000006d4a00000)
 Metaspace       used 20565K, capacity 20922K, committed 21248K, reserved 1067008K
  class space    used 2894K, capacity 3013K, committed 3072K, reserved 1048576K
}
Event: 1.439 GC heap before
{Heap before GC invocations=4 (full 0):
 PSYoungGen      total 73728K, used 18064K [0x000000076e200000, 0x0000000777200000, 0x00000007c0000000)
  eden space 63488K, 12% used [0x000000076e200000,0x000000076e9a8a08,0x0000000772000000)
  from space 10240K, 99% used [0x0000000772000000,0x00000007729fb6b8,0x0000000772a00000)
  to   space 10240K, 0% used [0x0000000776800000,0x0000000776800000,0x0000000777200000)
 ParOldGen       total 167936K, used 11775K [0x00000006ca600000, 0x00000006d4a00000, 0x000000076e200000)
  object space 167936K, 7% used [0x00000006ca600000,0x00000006cb17ff18,0x00000006d4a00000)
 Metaspace       used 20843K, capacity 21178K, committed 21296K, reserved 1067008K
  class space    used 2939K, capacity 3077K, committed 3120K, reserved 1048576K
Event: 1.469 GC heap after
Heap after GC invocations=4 (full 0):
 PSYoungGen      total 137216K, used 10232K [0x000000076e200000, 0x0000000777200000, 0x00000007c0000000)
  eden space 126976K, 0% used [0x000000076e200000,0x000000076e200000,0x0000000775e00000)
  from space 10240K, 99% used [0x0000000776800000,0x00000007771fe170,0x0000000777200000)
  to   space 10240K, 0% used [0x0000000775e00000,0x0000000775e00000,0x0000000776800000)
 ParOldGen       total 167936K, used 12035K [0x00000006ca600000, 0x00000006d4a00000, 0x000000076e200000)
  object space 167936K, 7% used [0x00000006ca600000,0x00000006cb1c0d48,0x00000006d4a00000)
 Metaspace       used 20843K, capacity 21178K, committed 21296K, reserved 1067008K
  class space    used 2939K, capacity 3077K, committed 3120K, reserved 1048576K
}
Event: 1.469 GC heap before
{Heap before GC invocations=5 (full 1):
 PSYoungGen      total 137216K, used 10232K [0x000000076e200000, 0x0000000777200000, 0x00000007c0000000)
  eden space 126976K, 0% used [0x000000076e200000,0x000000076e200000,0x0000000775e00000)
  from space 10240K, 99% used [0x0000000776800000,0x00000007771fe170,0x0000000777200000)
  to   space 10240K, 0% used [0x0000000775e00000,0x0000000775e00000,0x0000000776800000)
 ParOldGen       total 167936K, used 12035K [0x00000006ca600000, 0x00000006d4a00000, 0x000000076e200000)
  object space 167936K, 7% used [0x00000006ca600000,0x00000006cb1c0d48,0x00000006d4a00000)
 Metaspace       used 20843K, capacity 21178K, committed 21296K, reserved 1067008K
  class space    used 2939K, capacity 3077K, committed 3120K, reserved 1048576K
Event: 1.501 GC heap after
Heap after GC invocations=5 (full 1):
 PSYoungGen      total 137216K, used 0K [0x000000076e200000, 0x0000000777200000, 0x00000007c0000000)
  eden space 126976K, 0% used [0x000000076e200000,0x000000076e200000,0x0000000775e00000)
  from space 10240K, 0% used [0x0000000776800000,0x0000000776800000,0x0000000777200000)
  to   space 10240K, 0% used [0x0000000775e00000,0x0000000775e00000,0x0000000776800000)
 ParOldGen       total 88576K, used 10258K [0x00000006ca600000, 0x00000006cfc80000, 0x000000076e200000)
  object space 88576K, 11% used [0x00000006ca600000,0x00000006cb004a50,0x00000006cfc80000)
 Metaspace       used 20843K, capacity 21178K, committed 21296K, reserved 1067008K
  class space    used 2939K, capacity 3077K, committed 3120K, reserved 1048576K
}
Event: 3.273 GC heap before
{Heap before GC invocations=6 (full 1):
 PSYoungGen      total 137216K, used 126976K [0x000000076e200000, 0x0000000777200000, 0x00000007c0000000)
  eden space 126976K, 100% used [0x000000076e200000,0x0000000775e00000,0x0000000775e00000)
  from space 10240K, 0% used [0x0000000776800000,0x0000000776800000,0x0000000777200000)
  to   space 10240K, 0% used [0x0000000775e00000,0x0000000775e00000,0x0000000776800000)
 ParOldGen       total 88576K, used 10258K [0x00000006ca600000, 0x00000006cfc80000, 0x000000076e200000)
  object space 88576K, 11% used [0x00000006ca600000,0x00000006cb004a50,0x00000006cfc80000)
 Metaspace       used 26040K, capacity 26682K, committed 26928K, reserved 1073152K
  class space    used 3811K, capacity 4031K, committed 4144K, reserved 1048576K
Event: 3.297 GC heap after
Heap after GC invocations=6 (full 1):
 PSYoungGen      total 137216K, used 10214K [0x000000076e200000, 0x000000077ed80000, 0x00000007c0000000)
  eden space 126976K, 0% used [0x000000076e200000,0x000000076e200000,0x0000000775e00000)
  from space 10240K, 99% used [0x0000000775e00000,0x00000007767f9890,0x0000000776800000)
  to   space 18944K, 0% used [0x000000077db00000,0x000000077db00000,0x000000077ed80000)
 ParOldGen       total 88576K, used 16776K [0x00000006ca600000, 0x00000006cfc80000, 0x000000076e200000)
  object space 88576K, 18% used [0x00000006ca600000,0x00000006cb662078,0x00000006cfc80000)
 Metaspace       used 26040K, capacity 26682K, committed 26928K, reserved 1073152K
  class space    used 3811K, capacity 4031K, committed 4144K, reserved 1048576K
}
Event: 4.690 GC heap before
{Heap before GC invocations=7 (full 1):
 PSYoungGen      total 137216K, used 137190K [0x000000076e200000, 0x000000077ed80000, 0x00000007c0000000)
  eden space 126976K, 100% used [0x000000076e200000,0x0000000775e00000,0x0000000775e00000)
  from space 10240K, 99% used [0x0000000775e00000,0x00000007767f9890,0x0000000776800000)
  to   space 18944K, 0% used [0x000000077db00000,0x000000077db00000,0x000000077ed80000)
 ParOldGen       total 88576K, used 16776K [0x00000006ca600000, 0x00000006cfc80000, 0x000000076e200000)
  object space 88576K, 18% used [0x00000006ca600000,0x00000006cb662078,0x00000006cfc80000)
 Metaspace       used 28289K, capacity 29112K, committed 29360K, reserved 1075200K
  class space    used 4132K, capacity 4471K, committed 4528K, reserved 1048576K
Event: 4.841 GC heap after
Heap after GC invocations=7 (full 1):
 PSYoungGen      total 250880K, used 14850K [0x000000076e200000, 0x000000077eb80000, 0x00000007c0000000)
  eden space 233984K, 0% used [0x000000076e200000,0x000000076e200000,0x000000077c680000)
  from space 16896K, 87% used [0x000000077db00000,0x000000077e980910,0x000000077eb80000)
  to   space 18944K, 0% used [0x000000077c680000,0x000000077c680000,0x000000077d900000)
 ParOldGen       total 88576K, used 16784K [0x00000006ca600000, 0x00000006cfc80000, 0x000000076e200000)
  object space 88576K, 18% used [0x00000006ca600000,0x00000006cb664078,0x00000006cfc80000)
 Metaspace       used 28289K, capacity 29112K, committed 29360K, reserved 1075200K
  class space    used 4132K, capacity 4471K, committed 4528K, reserved 1048576K
}
Event: 90.680 GC heap before
{Heap before GC invocations=8 (full 1):
 PSYoungGen      total 250880K, used 248834K [0x000000076e200000, 0x000000077eb80000, 0x00000007c0000000)
  eden space 233984K, 100% used [0x000000076e200000,0x000000077c680000,0x000000077c680000)
  from space 16896K, 87% used [0x000000077db00000,0x000000077e980910,0x000000077eb80000)
  to   space 18944K, 0% used [0x000000077c680000,0x000000077c680000,0x000000077d900000)
 ParOldGen       total 88576K, used 16784K [0x00000006ca600000, 0x00000006cfc80000, 0x000000076e200000)
  object space 88576K, 18% used [0x00000006ca600000,0x00000006cb664078,0x00000006cfc80000)
 Metaspace       used 30526K, capacity 32060K, committed 32176K, reserved 1077248K
  class space    used 4561K, capacity 5255K, committed 5296K, reserved 1048576K

